Build started 12/02/2019 14:56:59.
     1>Project "c:\Users\usuario\documents\visual studio 2010\Projects\a\a\a.vcxproj" on node 2 (build target(s)).
     1>InitializeBuildStatus:
         Touching "Debug\a.unsuccessfulbuild".
       ClCompile:
         All outputs are up-to-date.
         c:\Program Files (x86)\Microsoft Visual Studio 10.0\VC\bin\CL.exe /c /ZI /nologo /W3 /WX- /Od /Oy- /D WIN32 /D _DEBUG /D _CONSOLE /D _UNICODE /D UNICODE /Gm /EHsc /RTC1 /MDd /GS /fp:precise /Zc:wchar_t /Zc:forScope /Yu"StdAfx.h" /Fp"Debug\a.pch" /Fo"Debug\\" /Fd"Debug\vc100.pdb" /Gd /TP /analyze- /errorReport:prompt a.cpp
         a.cpp
     1>c:\users\usuario\documents\visual studio 2010\projects\a\a\a.cpp(19): warning C4244: '=' : conversion from 'double' to 'float', possible loss of data
     1>c:\users\usuario\documents\visual studio 2010\projects\a\a\a.cpp(22): warning C4996: 'getch': The POSIX name for this item is deprecated. Instead, use the ISO C++ conformant name: _getch. See online help for details.
                 c:\program files (x86)\microsoft visual studio 10.0\vc\include\conio.h(128) : see declaration of 'getch'
       ManifestResourceCompile:
         All outputs are up-to-date.
       Link:
         c:\Program Files (x86)\Microsoft Visual Studio 10.0\VC\bin\link.exe /ERRORREPORT:PROMPT /OUT:"c:\users\usuario\documents\visual studio 2010\Projects\a\Debug\a.exe" /INCREMENTAL /NOLOGO kernel32.lib user32.lib gdi32.lib winspool.lib comdlg32.lib advapi32.lib shell32.lib ole32.lib oleaut32.lib uuid.lib odbc32.lib odbccp32.lib /MANIFEST /ManifestFile:"Debug\a.exe.intermediate.manifest" /MANIFESTUAC:"level='asInvoker' uiAccess='false'" /DEBUG /PDB:"c:\users\usuario\documents\visual studio 2010\Projects\a\Debug\a.pdb" /SUBSYSTEM:CONSOLE /TLBID:1 /DYNAMICBASE /NXCOMPAT /IMPLIB:"c:\users\usuario\documents\visual studio 2010\Projects\a\Debug\a.lib" /MACHINE:X86 Debug\a.exe.embed.manifest.res
         Debug\a.obj
         Debug\stdafx.obj
       Manifest:
         C:\Program Files (x86)\Microsoft SDKs\Windows\v7.0A\bin\mt.exe /nologo /verbose /out:"Debug\a.exe.embed.manifest" /manifest Debug\a.exe.intermediate.manifest
         All outputs are up-to-date.
       LinkEmbedManifest:
         All outputs are up-to-date.
         a.vcxproj -> c:\users\usuario\documents\visual studio 2010\Projects\a\Debug\a.exe
       FinalizeBuildStatus:
         Deleting file "Debug\a.unsuccessfulbuild".
         Touching "Debug\a.lastbuildstate".
     1>Done Building Project "c:\Users\usuario\documents\visual studio 2010\Projects\a\a\a.vcxproj" (build target(s)).

Build succeeded.

Time Elapsed 00:00:00.93
